0 info it worked if it ends with ok
1 verbose cli [ '/usr/local/Cellar/node/6.4.0/bin/node',
1 verbose cli   '/usr/local/bin/npm',
1 verbose cli   'run',
1 verbose cli   'start:prod' ]
2 info using npm@3.10.3
3 info using node@v6.4.0
4 verbose run-script [ 'prestart:prod', 'start:prod', 'poststart:prod' ]
5 info lifecycle personal-site@1.0.0~prestart:prod: personal-site@1.0.0
6 silly lifecycle personal-site@1.0.0~prestart:prod: no script for prestart:prod, continuing
7 info lifecycle personal-site@1.0.0~start:prod: personal-site@1.0.0
8 verbose lifecycle personal-site@1.0.0~start:prod: unsafe-perm in lifecycle true
9 verbose lifecycle personal-site@1.0.0~start:prod: PATH: /usr/local/lib/node_modules/npm/bin/node-gyp-bin:/Users/Annie/challenges/personal-site/node_modules/.bin:/usr/local/Cellar/node/6.4.0/bin:/usr/local/lib/node_modules/npm/bin/node-gyp-bin:/Users/Annie/challenges/personal-site/node_modules/.bin:/usr/local/Cellar/node/6.4.0/bin:/Users/Annie/.gem/ruby/2.3.1/bin:/Users/Annie/.rubies/ruby-2.3.1/lib/ruby/gems/2.3.0/bin:/Users/Annie/.rubies/ruby-2.3.1/bin:/Users/Annie/.rbenv/shims:/Users/Annie/.rbenv/shims:/Users/Annie/.rbenv/bin:/Users/Annie/.rbenv/shims:/Users/Annie/.rbenv/bin:/usr/bin:/bin:/usr/sbin:/sbin:/usr/local/bin:/Applications/Postgres.app/Contents/Versions/latest/bin:/Applications/Postgres.app/Contents/Versions/9.5/bin
10 verbose lifecycle personal-site@1.0.0~start:prod: CWD: /Users/Annie/challenges/personal-site
11 silly lifecycle personal-site@1.0.0~start:prod: Args: [ '-c', 'webpack && node server.js' ]
12 silly lifecycle personal-site@1.0.0~start:prod: Returned: code: 1  signal: null
13 info lifecycle personal-site@1.0.0~start:prod: Failed to exec start:prod script
14 verbose stack Error: personal-site@1.0.0 start:prod: `webpack && node server.js`
14 verbose stack Exit status 1
14 verbose stack     at EventEmitter.<anonymous> (/usr/local/lib/node_modules/npm/lib/utils/lifecycle.js:242:16)
14 verbose stack     at emitTwo (events.js:106:13)
14 verbose stack     at EventEmitter.emit (events.js:191:7)
14 verbose stack     at ChildProcess.<anonymous> (/usr/local/lib/node_modules/npm/lib/utils/spawn.js:40:14)
14 verbose stack     at emitTwo (events.js:106:13)
14 verbose stack     at ChildProcess.emit (events.js:191:7)
14 verbose stack     at maybeClose (internal/child_process.js:852:16)
14 verbose stack     at Process.ChildProcess._handle.onexit (internal/child_process.js:215:5)
15 verbose pkgid personal-site@1.0.0
16 verbose cwd /Users/Annie/challenges/personal-site
17 error Darwin 15.6.0
18 error argv "/usr/local/Cellar/node/6.4.0/bin/node" "/usr/local/bin/npm" "run" "start:prod"
19 error node v6.4.0
20 error npm  v3.10.3
21 error code ELIFECYCLE
22 error personal-site@1.0.0 start:prod: `webpack && node server.js`
22 error Exit status 1
23 error Failed at the personal-site@1.0.0 start:prod script 'webpack && node server.js'.
23 error Make sure you have the latest version of node.js and npm installed.
23 error If you do, this is most likely a problem with the personal-site package,
23 error not with npm itself.
23 error Tell the author that this fails on your system:
23 error     webpack && node server.js
23 error You can get information on how to open an issue for this project with:
23 error     npm bugs personal-site
23 error Or if that isn't available, you can get their info via:
23 error     npm owner ls personal-site
23 error There is likely additional logging output above.
24 verbose exit [ 1, true ]
